<?xml version="1.0" encoding="UTF-8"?>
<!-- Generated by org.testng.reporters.JUnitReportReporter -->
<testsuite skipped="0" hostname="JAVED" name="AutotraderPackage.AutotraderTest" tests="1" failures="0" timestamp="2020-05-25T12:59:38 EDT" time="4.399" errors="0">
  <testcase name="AutotraderSite" time="4.399" classname="AutotraderPackage.AutotraderTest"/>
</testsuite> <!-- AutotraderPackage.AutotraderTest -->
