<?xml version="1.0" encoding="UTF-8"?>
<!-- Generated by org.testng.reporters.JUnitReportReporter -->
<testsuite hostname="JAVED" name="AutotraderPackage.AutotraderTest" tests="1" failures="0" timestamp="25 May 2020 04:00:53 GMT" time="2.307" errors="0">
  <testcase name="AutotraderSite" time="2.307" classname="AutotraderPackage.AutotraderTest"/>
</testsuite> <!-- AutotraderPackage.AutotraderTest -->
